
>>> ###################################################################
>>> # To use this script, paste all of the lines starting with the
>>> # three less than signs (>>>) into a python interpreter.
>>> ###################################################################
>>> 
>>> from simtk.unit import *
>>> from simtk import openmm as mm
>>> from simtk.openmm import app
>>> 
>>> pdb = app.PDBFile('input.pdb')
>>> topology = pdb.topology
>>> positions = pdb.positions
>>> forcefield = app.ForceField('amber99sb.xml', 'tip3p.xml')
>>> system = forcefield.createSystem(topology,nonbondedMethod=PME,constraints=HBonds
... ,rigidWater=True,nonbondedCutoff=1.0*nanometer,useDispersionCorrection=True,ewal
... dErrorTolerance=0.0005)
########################################################################
# Option Summary. A more detailed config file is saved to config.out.ini
########################################################################

[General]                       
protein = amber99sb              # your selection
water = TIP3P                    # your selection
platform = NotSpecified          # default value
coords = input.pdb               # your selection
precision = Mixed                # default value

[System]                        
nb_method = PME                  # default value
constraints = HBonds             # default value
rigid_water = True               # default value
rand_vels = True                 # default value
disp_corr = True                 # default value
ewald_tol = 0.0005               # default value
cutoff = 1.0*nanometer           # default value
gen_temp = 300*kelvin            # default value

[Dynamics]                      
integrator = Langevin            # default value
dt = 2*femtosecond               # default value
barostat = None                  # default value
thermostat = None                # default value
temp = 300*kelvin                # default value
collision_rate = 1.0/picosecond  # default value

[Simulation]                    
n_steps = 10000                  # default value
restart_file = restart.p         # default value
minimize = True                  # default value
restart_freq = 5000              # default value
traj_file = output.dcd           # default value
read_restart = False             # default value
progress_freq = 1000             # default value
write_restart = True             # default value
traj_freq = 1000                 # default value

>>> integrator = mm.LangevinIntegrator(300*kelvin, 1.0/picosecond, 2*femtosecond)
>>> platform = mm.Platform.getPlatformByName('CUDA')
>>> platformProperties = {'CudaPrecision': 'mixed'}
>>> simulation = app.Simulation(topology, system, integrator, platform, properties)
>>> simulation.context.setPositions(positions)
>>> simulation.minimizeEnergy()
>>> simulation.context.setVelocitiesToTemperature()
>>> simulation.reporters.append(ProgressReporter(sys.stdout, 1000, 10000))
>>> simulation.reporters.append(DCDReporter(output.dcd, 1000))
>>> simulation.reporters.append(RestartReporter(restart.p, 5000))
>>> simulation.step(10000)


Progress   WallTime Left      Speed          Time            P.E.            K.E.        Total E.          Temp        Vol        Rho
     (%)       (d:h:m:s)   (ns/day)          (ps)        (kJ/mol)        (kJ/mol)        (kJ/mol)           (K)     (nm^3)     (g/mL)
  0.000%              ??       0.00       0.00000   -145791.27314     22288.09549   -123503.17765     297.48514    87.8659     1.0185
 10.000%            0:34      45.03       2.00000   -121040.21379     20086.00680   -100954.20699     268.09327    87.8659     1.0185
 20.000%            0:28      49.01       4.00000   -117010.58810     21354.36103    -95656.22707     285.02233    87.8659     1.0185
 30.000%            0:23      50.56       6.00000   -116012.71361     22410.33132    -93602.38229     299.11665    87.8659     1.0185
 40.000%            0:20      51.38       8.00000   -115538.90579     22336.00997    -93202.89582     298.12466    87.8659     1.0185
 50.000%            0:16      51.84      10.00000   -116051.03435     22403.18599    -93647.84837     299.02128    87.8659     1.0185
 60.000%            0:13      50.43      12.00000   -115814.22661     22340.23752    -93473.98909     298.18109    87.8659     1.0185
 70.000%            0:10      50.89      14.00000   -115583.53875     22366.19096    -93217.34779     298.52750    87.8659     1.0185
 80.000%            0:06      51.26      16.00000   -116052.50690     22593.21450    -93459.29240     301.55764    87.8659     1.0185
 90.000%            0:03      51.55      18.00000   -115119.67963     22157.70095    -92961.97868     295.74473    87.8659     1.0185
100.000%            0:00      51.73      20.00000   -115299.66225     22415.29767    -92884.36458     299.18294    87.8659     1.0185
