
>>> ###################################################################
>>> # To use this script, paste all of the lines starting with the
>>> # three less than signs (>>>) into a python interpreter.
>>> ###################################################################
>>> 
>>> from simtk.unit import *
>>> from simtk import openmm as mm
>>> from simtk.openmm import app
>>> 
>>> pdb = app.PDBFile('input.pdb')
>>> topology = pdb.topology
>>> positions = pdb.positions
>>> forcefield = app.ForceField('amber99sb.xml', 'tip3p.xml')
>>> system = forcefield.createSystem(topology,nonbondedMethod=PME,nonbondedCutoff=1.
... 0*nanometer,constraints=HBonds,rigidWater=True,useDispersionCorrection=True,ewal
... dErrorTolerance=0.0005)
########################################################################
# Option Summary. A more detailed config file is saved to config.out.ini
########################################################################

[General]                       
protein = amber99sb              # your selection
water = TIP3P                    # your selection
platform = NotSpecified          # default value
coords = input.pdb               # your selection
precision = Mixed                # default value

[System]                        
nb_method = PME                  # default value
constraints = HBonds             # default value
rigid_water = True               # default value
rand_vels = True                 # default value
disp_corr = True                 # default value
ewald_tol = 0.0005               # default value
cutoff = 1.0*nanometer           # default value
gen_temp = 300*kelvin            # default value

[Dynamics]                      
integrator = Langevin            # default value
dt = 2*femtosecond               # default value
barostat = None                  # default value
thermostat = None                # default value
temp = 300*kelvin                # default value
collision_rate = 1.0/picosecond  # default value

[Simulation]                    
n_steps = 10000                  # default value
restart_file = restart.p         # default value
minimize = True                  # default value
restart_freq = 5000              # default value
traj_file = output.dcd           # default value
read_restart = False             # default value
progress_freq = 1000             # default value
write_restart = True             # default value
traj_freq = 1000                 # default value

>>> integrator = mm.LangevinIntegrator(300*kelvin, 1.0/picosecond, 2*femtosecond)
>>> platform = mm.Platform.getPlatformByName('CUDA')
>>> platformProperties = {'CudaPrecision': 'mixed'}
>>> simulation = app.Simulation(topology, system, integrator, platform, properties)
>>> simulation.context.setPositions(positions)
>>> simulation.minimizeEnergy()
>>> simulation.context.setVelocitiesToTemperature()
>>> simulation.reporters.append(ProgressReporter(sys.stdout, 1000, 10000))
>>> simulation.reporters.append(DCDReporter(output.dcd, 1000))
>>> simulation.reporters.append(RestartReporter(restart.p, 5000))
>>> simulation.step(10000)


Progress WallTime Left    Speed          Time            P.E.          K.E.      Total E.          Temp      Vol        Rho
     (%)     (d:h:m:s) (ns/day)          (ps)        (kJ/mol)      (kJ/mol)      (kJ/mol)           (K)   (nm^3)     (g/mL)
  0.000%            ??     0.00       0.00000   -146027.24083   22302.23838 -123725.00245     297.67390    87.87     1.0185
 10.000%          3:09     8.19       2.00000   -120795.39560   20010.88289 -100784.51271     267.09057    87.87     1.0185
 20.000%          2:48     8.22       4.00000   -117013.43702   21534.48639  -95478.95063     287.42651    87.87     1.0185
 30.000%          2:26     8.23       6.00000   -115614.49120   22198.76686  -93415.72434     296.29284    87.87     1.0185
 40.000%          2:06     8.23       8.00000   -115530.35173   22755.97897  -92774.37275     303.73010    87.87     1.0185
 50.000%          1:44     8.23      10.00000   -115627.61711   22388.49293  -93239.12418     298.82517    87.87     1.0185
 60.000%          1:24     8.20      12.00000   -115797.47615   22378.27593  -93419.20022     298.68880    87.87     1.0185
 70.000%          1:03     8.21      14.00000   -115780.27170   22754.64117  -93025.63053     303.71224    87.87     1.0185
 80.000%          0:42     8.21      16.00000   -115289.41693   22666.36760  -92623.04933     302.53403    87.87     1.0185
 90.000%          0:21     8.21      18.00000   -115232.01469   22627.84053  -92604.17416     302.01980    87.87     1.0185
100.000%          0:00     8.21      20.00000   -114834.85736   21959.05820  -92875.79916     293.09339    87.87     1.0185
